Created by PLY version 3.7 (http://www.dabeaz.com/ply)

Unused terminals:

    COMMENT
    FLAG
    EVIDENCE
    B_ACTION
    PICK
    BUCKET
    ACTION
    E_ACTION
    FRACTION

Grammar

Rule 0     S' -> program
Rule 1     program -> program statement
Rule 2     program -> statement
Rule 3     statement -> entity_def
Rule 4     statement -> entity_action
Rule 5     statement -> query_wrap
Rule 6     entity_def -> ENTITY IDEN ed_params ed_feature
Rule 7     ed_params -> LEFTSQRBRACKET alias_list RIGHTSQRBRACKET
Rule 8     alias_list -> alias_list COMMA ALIAS ASSIGNMENT FLOAT
Rule 9     alias_list -> alias_list COMMA ALIAS
Rule 10    alias_list -> ALIAS ASSIGNMENT FLOAT
Rule 11    alias_list -> ALIAS
Rule 12    ed_feature -> LEFTSMALLBRACKET ed_feature_inner RIGHTSMALLBRACKET
Rule 13    ed_feature_inner -> entity_prop_prob
Rule 14    entity_prop_prob -> entity_prop_prob SEMICOLON entity_prop_prob_atom
Rule 15    entity_prop_prob -> entity_prop_prob_atom
Rule 16    entity_prop_prob_atom -> ALIAS DOUBLECOLON IDEN
Rule 17    entity_prop_prob_atom -> ALIAS DOUBLECOLON NUMBER
Rule 18    entity_initialize -> IDEN ei_params ei_number
Rule 19    empty -> <empty>
Rule 20    ei_params -> LEFTSMALLBRACKET float_list ei_flag_option RIGHTSMALLBRACKET
Rule 21    ei_params -> empty
Rule 22    float_list -> float_list COMMA FLOAT
Rule 23    float_list -> float_list COMMA NUMBER
Rule 24    float_list -> FLOAT
Rule 25    float_list -> NUMBER
Rule 26    ei_flag_option -> BAR IDEN
Rule 27    ei_flag_option -> empty
Rule 28    ei_number -> LEFTCURLYBRACE NUMBER RIGHTCURLYBRACE
Rule 29    entity_action -> ALIAS ASSIGNMENT entity_initialize DOT ROLL LEFTSMALLBRACKET option_number RIGHTSMALLBRACKET
Rule 30    option_number -> NUMBER
Rule 31    option_number -> empty
Rule 32    query_wrap -> QUERY LEFTSMALLBRACKET q_expr RIGHTSMALLBRACKET
Rule 33    q_expr -> q_term_list OR q_term
Rule 34    q_expr -> q_term
Rule 35    q_term -> q_factor_list AND q_factor
Rule 36    q_term -> q_factor
Rule 37    q_term_list -> q_term_list OR q_term
Rule 38    q_term_list -> q_term
Rule 39    q_factor -> q_atom
Rule 40    q_factor -> NOT q_factor
Rule 41    q_factor -> LEFTSMALLBRACKET q_expr RIGHTSMALLBRACKET
Rule 42    q_factor_list -> q_factor_list AND q_factor
Rule 43    q_factor_list -> q_factor
Rule 44    q_atom -> q_equal_atom_3
Rule 45    q_atom -> q_equal_atom_2
Rule 46    q_atom -> me_atom
Rule 47    q_equal_atom_3 -> q_iden_3 LEFTSMALLBRACKET NUMBER COMMA q_alias_concat_wrap COMMA IDEN RIGHTSMALLBRACKET
Rule 48    q_equal_atom_3 -> q_iden_3 LEFTSMALLBRACKET NUMBER COMMA q_alias_concat_wrap COMMA NUMBER RIGHTSMALLBRACKET
Rule 49    q_equal_atom_2 -> q_iden_2 LEFTSMALLBRACKET q_alias_concat_wrap COMMA IDEN RIGHTSMALLBRACKET
Rule 50    q_equal_atom_2 -> q_iden_2 LEFTSMALLBRACKET q_alias_concat_wrap COMMA NUMBER RIGHTSMALLBRACKET
Rule 51    q_iden_3 -> EQUALATMOST
Rule 52    q_iden_3 -> EQUALATLEAST
Rule 53    q_iden_3 -> EQUALFEW
Rule 54    q_iden_2 -> EQUALALL
Rule 55    q_iden_2 -> EQUALANY
Rule 56    q_alias_concat_wrap -> alias_slice
Rule 57    q_alias_concat_wrap -> LEFTSQRBRACKET q_alias_concat RIGHTSQRBRACKET
Rule 58    q_alias_concat -> q_alias_concat BAR alias_slice
Rule 59    q_alias_concat -> alias_slice
Rule 60    alias_slice -> ALIAS
Rule 61    alias_slice -> ALIAS LEFTSQRBRACKET NUMBER COLON NUMBER RIGHTSQRBRACKET
Rule 62    me_atom -> a_expression_atom
Rule 63    a_expression_atom -> a_expression EQUAL a_expression
Rule 64    a_expression_atom -> a_expression NOTEQUAL a_expression
Rule 65    a_expression_atom -> a_expression GREATEREQUAL a_expression
Rule 66    a_expression_atom -> a_expression GREATER a_expression
Rule 67    a_expression_atom -> a_expression LESSEQUAL a_expression
Rule 68    a_expression_atom -> a_expression LESS a_expression
Rule 69    a_expression -> a_expression PLUS a_term
Rule 70    a_expression -> a_expression MINUS a_term
Rule 71    a_expression -> a_term
Rule 72    a_term -> a_term TIMES a_factor
Rule 73    a_term -> a_term DIVIDE a_factor
Rule 74    a_term -> a_factor
Rule 75    a_factor -> NUMBER
Rule 76    a_factor -> ALIAS LEFTSQRBRACKET NUMBER RIGHTSQRBRACKET
Rule 77    a_factor -> LEFTSMALLBRACKET a_expression RIGHTSMALLBRACKET

Terminals, with rules where they appear

ACTION               : 
ALIAS                : 8 9 10 11 16 17 29 60 61 76
AND                  : 35 42
ASSIGNMENT           : 8 10 29
BAR                  : 26 58
BUCKET               : 
B_ACTION             : 
COLON                : 61
COMMA                : 8 9 22 23 47 47 48 48 49 50
COMMENT              : 
DIVIDE               : 73
DOT                  : 29
DOUBLECOLON          : 16 17
ENTITY               : 6
EQUAL                : 63
EQUALALL             : 54
EQUALANY             : 55
EQUALATLEAST         : 52
EQUALATMOST          : 51
EQUALFEW             : 53
EVIDENCE             : 
E_ACTION             : 
FLAG                 : 
FLOAT                : 8 10 22 24
FRACTION             : 
GREATER              : 66
GREATEREQUAL         : 65
IDEN                 : 6 16 18 26 47 49
LEFTCURLYBRACE       : 28
LEFTSMALLBRACKET     : 12 20 29 32 41 47 48 49 50 77
LEFTSQRBRACKET       : 7 57 61 76
LESS                 : 68
LESSEQUAL            : 67
MINUS                : 70
NOT                  : 40
NOTEQUAL             : 64
NUMBER               : 17 23 25 28 30 47 48 48 50 61 61 75 76
OR                   : 33 37
PICK                 : 
PLUS                 : 69
QUERY                : 32
RIGHTCURLYBRACE      : 28
RIGHTSMALLBRACKET    : 12 20 29 32 41 47 48 49 50 77
RIGHTSQRBRACKET      : 7 57 61 76
ROLL                 : 29
SEMICOLON            : 14
TIMES                : 72
error                : 

Nonterminals, with rules where they appear

a_expression         : 63 63 64 64 65 65 66 66 67 67 68 68 69 70 77
a_expression_atom    : 62
a_factor             : 72 73 74
a_term               : 69 70 71 72 73
alias_list           : 7 8 9
alias_slice          : 56 58 59
ed_feature           : 6
ed_feature_inner     : 12
ed_params            : 6
ei_flag_option       : 20
ei_number            : 18
ei_params            : 18
empty                : 21 27 31
entity_action        : 4
entity_def           : 3
entity_initialize    : 29
entity_prop_prob     : 13 14
entity_prop_prob_atom : 14 15
float_list           : 20 22 23
me_atom              : 46
option_number        : 29
program              : 1 0
q_alias_concat       : 57 58
q_alias_concat_wrap  : 47 48 49 50
q_atom               : 39
q_equal_atom_2       : 45
q_equal_atom_3       : 44
q_expr               : 32 41
q_factor             : 35 36 40 42 43
q_factor_list        : 35 42
q_iden_2             : 49 50
q_iden_3             : 47 48
q_term               : 33 34 37 38
q_term_list          : 33 37
query_wrap           : 5
statement            : 1 2

Parsing method: LALR

state 0

    (0) S' -> . program
    (1) program -> . program statement
    (2) program -> . statement
    (3) statement -> . entity_def
    (4) statement -> . entity_action
    (5) statement -> . query_wrap
    (6) entity_def -> . ENTITY IDEN ed_params ed_feature
    (29) entity_action -> . ALIAS ASSIGNMENT entity_initialize DOT ROLL LEFTSMALLBRACKET option_number RIGHTSMALLBRACKET
    (32) query_wrap -> . QUERY LEFTSMALLBRACKET q_expr RIGHTSMALLBRACKET

    ENTITY          shift and go to state 4
    ALIAS           shift and go to state 8
    QUERY           shift and go to state 3

    program                        shift and go to state 2
    entity_action                  shift and go to state 5
    statement                      shift and go to state 6
    entity_def                     shift and go to state 7
    query_wrap                     shift and go to state 1

state 1

    (5) statement -> query_wrap .

    ENTITY          reduce using rule 5 (statement -> query_wrap .)
    ALIAS           reduce using rule 5 (statement -> query_wrap .)
    QUERY           reduce using rule 5 (statement -> query_wrap .)
    $end            reduce using rule 5 (statement -> query_wrap .)


state 2

    (0) S' -> program .
    (1) program -> program . statement
    (3) statement -> . entity_def
    (4) statement -> . entity_action
    (5) statement -> . query_wrap
    (6) entity_def -> . ENTITY IDEN ed_params ed_feature
    (29) entity_action -> . ALIAS ASSIGNMENT entity_initialize DOT ROLL LEFTSMALLBRACKET option_number RIGHTSMALLBRACKET
    (32) query_wrap -> . QUERY LEFTSMALLBRACKET q_expr RIGHTSMALLBRACKET

    ENTITY          shift and go to state 4
    ALIAS           shift and go to state 8
    QUERY           shift and go to state 3

    entity_action                  shift and go to state 5
    statement                      shift and go to state 9
    entity_def                     shift and go to state 7
    query_wrap                     shift and go to state 1

state 3

    (32) query_wrap -> QUERY . LEFTSMALLBRACKET q_expr RIGHTSMALLBRACKET

    LEFTSMALLBRACKET shift and go to state 10


state 4

    (6) entity_def -> ENTITY . IDEN ed_params ed_feature

    IDEN            shift and go to state 11


state 5

    (4) statement -> entity_action .

    ENTITY          reduce using rule 4 (statement -> entity_action .)
    ALIAS           reduce using rule 4 (statement -> entity_action .)
    QUERY           reduce using rule 4 (statement -> entity_action .)
    $end            reduce using rule 4 (statement -> entity_action .)


state 6

    (2) program -> statement .

    ENTITY          reduce using rule 2 (program -> statement .)
    ALIAS           reduce using rule 2 (program -> statement .)
    QUERY           reduce using rule 2 (program -> statement .)
    $end            reduce using rule 2 (program -> statement .)


state 7

    (3) statement -> entity_def .

    ENTITY          reduce using rule 3 (statement -> entity_def .)
    ALIAS           reduce using rule 3 (statement -> entity_def .)
    QUERY           reduce using rule 3 (statement -> entity_def .)
    $end            reduce using rule 3 (statement -> entity_def .)


state 8

    (29) entity_action -> ALIAS . ASSIGNMENT entity_initialize DOT ROLL LEFTSMALLBRACKET option_number RIGHTSMALLBRACKET

    ASSIGNMENT      shift and go to state 12


state 9

    (1) program -> program statement .

    ENTITY          reduce using rule 1 (program -> program statement .)
    ALIAS           reduce using rule 1 (program -> program statement .)
    QUERY           reduce using rule 1 (program -> program statement .)
    $end            reduce using rule 1 (program -> program statement .)


state 10

    (32) query_wrap -> QUERY LEFTSMALLBRACKET . q_expr RIGHTSMALLBRACKET
    (33) q_expr -> . q_term_list OR q_term
    (34) q_expr -> . q_term
    (37) q_term_list -> . q_term_list OR q_term
    (38) q_term_list -> . q_term
    (35) q_term -> . q_factor_list AND q_factor
    (36) q_term -> . q_factor
    (42) q_factor_list -> . q_factor_list AND q_factor
    (43) q_factor_list -> . q_factor
    (39) q_factor -> . q_atom
    (40) q_factor -> . NOT q_factor
    (41) q_factor -> . LEFTSMALLBRACKET q_expr RIGHTSMALLBRACKET
    (44) q_atom -> . q_equal_atom_3
    (45) q_atom -> . q_equal_atom_2
    (46) q_atom -> . me_atom
    (47) q_equal_atom_3 -> . q_iden_3 LEFTSMALLBRACKET NUMBER COMMA q_alias_concat_wrap COMMA IDEN RIGHTSMALLBRACKET
    (48) q_equal_atom_3 -> . q_iden_3 LEFTSMALLBRACKET NUMBER COMMA q_alias_concat_wrap COMMA NUMBER RIGHTSMALLBRACKET
    (49) q_equal_atom_2 -> . q_iden_2 LEFTSMALLBRACKET q_alias_concat_wrap COMMA IDEN RIGHTSMALLBRACKET
    (50) q_equal_atom_2 -> . q_iden_2 LEFTSMALLBRACKET q_alias_concat_wrap COMMA NUMBER RIGHTSMALLBRACKET
    (62) me_atom -> . a_expression_atom
    (51) q_iden_3 -> . EQUALATMOST
    (52) q_iden_3 -> . EQUALATLEAST
    (53) q_iden_3 -> . EQUALFEW
    (54) q_iden_2 -> . EQUALALL
    (55) q_iden_2 -> . EQUALANY
    (63) a_expression_atom -> . a_expression EQUAL a_expression
    (64) a_expression_atom -> . a_expression NOTEQUAL a_expression
    (65) a_expression_atom -> . a_expression GREATEREQUAL a_expression
    (66) a_expression_atom -> . a_expression GREATER a_expression
    (67) a_expression_atom -> . a_expression LESSEQUAL a_expression
    (68) a_expression_atom -> . a_expression LESS a_expression
    (69) a_expression -> . a_expression PLUS a_term
    (70) a_expression -> . a_expression MINUS a_term
    (71) a_expression -> . a_term
    (72) a_term -> . a_term TIMES a_factor
    (73) a_term -> . a_term DIVIDE a_factor
    (74) a_term -> . a_factor
    (75) a_factor -> . NUMBER
    (76) a_factor -> . ALIAS LEFTSQRBRACKET NUMBER RIGHTSQRBRACKET
    (77) a_factor -> . LEFTSMALLBRACKET a_expression RIGHTSMALLBRACKET

    NOT             shift and go to state 18
    LEFTSMALLBRACKET shift and go to state 30
    EQUALATMOST     shift and go to state 32
    EQUALATLEAST    shift and go to state 36
    EQUALFEW        shift and go to state 34
    EQUALALL        shift and go to state 23
    EQUALANY        shift and go to state 19
    NUMBER          shift and go to state 33
    ALIAS           shift and go to state 14

    a_term                         shift and go to state 13
    me_atom                        shift and go to state 24
    q_iden_3                       shift and go to state 25
    q_equal_atom_3                 shift and go to state 16
    q_factor_list                  shift and go to state 15
    q_atom                         shift and go to state 27
    q_factor                       shift and go to state 28
    q_equal_atom_2                 shift and go to state 29
    q_expr                         shift and go to state 17
    a_expression_atom              shift and go to state 20
    q_term                         shift and go to state 31
    a_factor                       shift and go to state 21
    q_iden_2                       shift and go to state 22
    a_expression                   shift and go to state 26
    q_term_list                    shift and go to state 35

state 11

    (6) entity_def -> ENTITY IDEN . ed_params ed_feature
    (7) ed_params -> . LEFTSQRBRACKET alias_list RIGHTSQRBRACKET

    LEFTSQRBRACKET  shift and go to state 37

    ed_params                      shift and go to state 38

state 12

    (29) entity_action -> ALIAS ASSIGNMENT . entity_initialize DOT ROLL LEFTSMALLBRACKET option_number RIGHTSMALLBRACKET
    (18) entity_initialize -> . IDEN ei_params ei_number

    IDEN            shift and go to state 39

    entity_initialize              shift and go to state 40

state 13

    (71) a_expression -> a_term .
    (72) a_term -> a_term . TIMES a_factor
    (73) a_term -> a_term . DIVIDE a_factor

    PLUS            reduce using rule 71 (a_expression -> a_term .)
    MINUS           reduce using rule 71 (a_expression -> a_term .)
    RIGHTSMALLBRACKET reduce using rule 71 (a_expression -> a_term .)
    OR              reduce using rule 71 (a_expression -> a_term .)
    AND             reduce using rule 71 (a_expression -> a_term .)
    EQUAL           reduce using rule 71 (a_expression -> a_term .)
    NOTEQUAL        reduce using rule 71 (a_expression -> a_term .)
    GREATEREQUAL    reduce using rule 71 (a_expression -> a_term .)
    GREATER         reduce using rule 71 (a_expression -> a_term .)
    LESSEQUAL       reduce using rule 71 (a_expression -> a_term .)
    LESS            reduce using rule 71 (a_expression -> a_term .)
    TIMES           shift and go to state 41
    DIVIDE          shift and go to state 42


state 14

    (76) a_factor -> ALIAS . LEFTSQRBRACKET NUMBER RIGHTSQRBRACKET

    LEFTSQRBRACKET  shift and go to state 43


state 15

    (35) q_term -> q_factor_list . AND q_factor
    (42) q_factor_list -> q_factor_list . AND q_factor

    AND             shift and go to state 44


state 16

    (44) q_atom -> q_equal_atom_3 .

    RIGHTSMALLBRACKET reduce using rule 44 (q_atom -> q_equal_atom_3 .)
    OR              reduce using rule 44 (q_atom -> q_equal_atom_3 .)
    AND             reduce using rule 44 (q_atom -> q_equal_atom_3 .)


state 17

    (32) query_wrap -> QUERY LEFTSMALLBRACKET q_expr . RIGHTSMALLBRACKET

    RIGHTSMALLBRACKET shift and go to state 45


state 18

    (40) q_factor -> NOT . q_factor
    (39) q_factor -> . q_atom
    (40) q_factor -> . NOT q_factor
    (41) q_factor -> . LEFTSMALLBRACKET q_expr RIGHTSMALLBRACKET
    (44) q_atom -> . q_equal_atom_3
    (45) q_atom -> . q_equal_atom_2
    (46) q_atom -> . me_atom
    (47) q_equal_atom_3 -> . q_iden_3 LEFTSMALLBRACKET NUMBER COMMA q_alias_concat_wrap COMMA IDEN RIGHTSMALLBRACKET
    (48) q_equal_atom_3 -> . q_iden_3 LEFTSMALLBRACKET NUMBER COMMA q_alias_concat_wrap COMMA NUMBER RIGHTSMALLBRACKET
    (49) q_equal_atom_2 -> . q_iden_2 LEFTSMALLBRACKET q_alias_concat_wrap COMMA IDEN RIGHTSMALLBRACKET
    (50) q_equal_atom_2 -> . q_iden_2 LEFTSMALLBRACKET q_alias_concat_wrap COMMA NUMBER RIGHTSMALLBRACKET
    (62) me_atom -> . a_expression_atom
    (51) q_iden_3 -> . EQUALATMOST
    (52) q_iden_3 -> . EQUALATLEAST
    (53) q_iden_3 -> . EQUALFEW
    (54) q_iden_2 -> . EQUALALL
    (55) q_iden_2 -> . EQUALANY
    (63) a_expression_atom -> . a_expression EQUAL a_expression
    (64) a_expression_atom -> . a_expression NOTEQUAL a_expression
    (65) a_expression_atom -> . a_expression GREATEREQUAL a_expression
    (66) a_expression_atom -> . a_expression GREATER a_expression
    (67) a_expression_atom -> . a_expression LESSEQUAL a_expression
    (68) a_expression_atom -> . a_expression LESS a_expression
    (69) a_expression -> . a_expression PLUS a_term
    (70) a_expression -> . a_expression MINUS a_term
    (71) a_expression -> . a_term
    (72) a_term -> . a_term TIMES a_factor
    (73) a_term -> . a_term DIVIDE a_factor
    (74) a_term -> . a_factor
    (75) a_factor -> . NUMBER
    (76) a_factor -> . ALIAS LEFTSQRBRACKET NUMBER RIGHTSQRBRACKET
    (77) a_factor -> . LEFTSMALLBRACKET a_expression RIGHTSMALLBRACKET

    NOT             shift and go to state 18
    LEFTSMALLBRACKET shift and go to state 30
    EQUALATMOST     shift and go to state 32
    EQUALATLEAST    shift and go to state 36
    EQUALFEW        shift and go to state 34
    EQUALALL        shift and go to state 23
    EQUALANY        shift and go to state 19
    NUMBER          shift and go to state 33
    ALIAS           shift and go to state 14

    a_term                         shift and go to state 13
    me_atom                        shift and go to state 24
    q_iden_3                       shift and go to state 25
    q_equal_atom_3                 shift and go to state 16
    a_expression                   shift and go to state 26
    q_atom                         shift and go to state 27
    q_factor                       shift and go to state 46
    q_equal_atom_2                 shift and go to state 29
    a_expression_atom              shift and go to state 20
    q_iden_2                       shift and go to state 22
    a_factor                       shift and go to state 21

state 19

    (55) q_iden_2 -> EQUALANY .

    LEFTSMALLBRACKET reduce using rule 55 (q_iden_2 -> EQUALANY .)


state 20

    (62) me_atom -> a_expression_atom .

    RIGHTSMALLBRACKET reduce using rule 62 (me_atom -> a_expression_atom .)
    OR              reduce using rule 62 (me_atom -> a_expression_atom .)
    AND             reduce using rule 62 (me_atom -> a_expression_atom .)


state 21

    (74) a_term -> a_factor .

    TIMES           reduce using rule 74 (a_term -> a_factor .)
    DIVIDE          reduce using rule 74 (a_term -> a_factor .)
    PLUS            reduce using rule 74 (a_term -> a_factor .)
    MINUS           reduce using rule 74 (a_term -> a_factor .)
    RIGHTSMALLBRACKET reduce using rule 74 (a_term -> a_factor .)
    OR              reduce using rule 74 (a_term -> a_factor .)
    AND             reduce using rule 74 (a_term -> a_factor .)
    EQUAL           reduce using rule 74 (a_term -> a_factor .)
    NOTEQUAL        reduce using rule 74 (a_term -> a_factor .)
    GREATEREQUAL    reduce using rule 74 (a_term -> a_factor .)
    GREATER         reduce using rule 74 (a_term -> a_factor .)
    LESSEQUAL       reduce using rule 74 (a_term -> a_factor .)
    LESS            reduce using rule 74 (a_term -> a_factor .)


state 22

    (49) q_equal_atom_2 -> q_iden_2 . LEFTSMALLBRACKET q_alias_concat_wrap COMMA IDEN RIGHTSMALLBRACKET
    (50) q_equal_atom_2 -> q_iden_2 . LEFTSMALLBRACKET q_alias_concat_wrap COMMA NUMBER RIGHTSMALLBRACKET

    LEFTSMALLBRACKET shift and go to state 47


state 23

    (54) q_iden_2 -> EQUALALL .

    LEFTSMALLBRACKET reduce using rule 54 (q_iden_2 -> EQUALALL .)


state 24

    (46) q_atom -> me_atom .

    RIGHTSMALLBRACKET reduce using rule 46 (q_atom -> me_atom .)
    OR              reduce using rule 46 (q_atom -> me_atom .)
    AND             reduce using rule 46 (q_atom -> me_atom .)


state 25

    (47) q_equal_atom_3 -> q_iden_3 . LEFTSMALLBRACKET NUMBER COMMA q_alias_concat_wrap COMMA IDEN RIGHTSMALLBRACKET
    (48) q_equal_atom_3 -> q_iden_3 . LEFTSMALLBRACKET NUMBER COMMA q_alias_concat_wrap COMMA NUMBER RIGHTSMALLBRACKET

    LEFTSMALLBRACKET shift and go to state 48


state 26

    (63) a_expression_atom -> a_expression . EQUAL a_expression
    (64) a_expression_atom -> a_expression . NOTEQUAL a_expression
    (65) a_expression_atom -> a_expression . GREATEREQUAL a_expression
    (66) a_expression_atom -> a_expression . GREATER a_expression
    (67) a_expression_atom -> a_expression . LESSEQUAL a_expression
    (68) a_expression_atom -> a_expression . LESS a_expression
    (69) a_expression -> a_expression . PLUS a_term
    (70) a_expression -> a_expression . MINUS a_term

    EQUAL           shift and go to state 52
    NOTEQUAL        shift and go to state 49
    GREATEREQUAL    shift and go to state 53
    GREATER         shift and go to state 51
    LESSEQUAL       shift and go to state 54
    LESS            shift and go to state 50
    PLUS            shift and go to state 56
    MINUS           shift and go to state 55


state 27

    (39) q_factor -> q_atom .

    RIGHTSMALLBRACKET reduce using rule 39 (q_factor -> q_atom .)
    OR              reduce using rule 39 (q_factor -> q_atom .)
    AND             reduce using rule 39 (q_factor -> q_atom .)


state 28

    (36) q_term -> q_factor .
    (43) q_factor_list -> q_factor .

    RIGHTSMALLBRACKET reduce using rule 36 (q_term -> q_factor .)
    OR              reduce using rule 36 (q_term -> q_factor .)
    AND             reduce using rule 43 (q_factor_list -> q_factor .)


state 29

    (45) q_atom -> q_equal_atom_2 .

    RIGHTSMALLBRACKET reduce using rule 45 (q_atom -> q_equal_atom_2 .)
    OR              reduce using rule 45 (q_atom -> q_equal_atom_2 .)
    AND             reduce using rule 45 (q_atom -> q_equal_atom_2 .)


state 30

    (41) q_factor -> LEFTSMALLBRACKET . q_expr RIGHTSMALLBRACKET
    (77) a_factor -> LEFTSMALLBRACKET . a_expression RIGHTSMALLBRACKET
    (33) q_expr -> . q_term_list OR q_term
    (34) q_expr -> . q_term
    (69) a_expression -> . a_expression PLUS a_term
    (70) a_expression -> . a_expression MINUS a_term
    (71) a_expression -> . a_term
    (37) q_term_list -> . q_term_list OR q_term
    (38) q_term_list -> . q_term
    (35) q_term -> . q_factor_list AND q_factor
    (36) q_term -> . q_factor
    (72) a_term -> . a_term TIMES a_factor
    (73) a_term -> . a_term DIVIDE a_factor
    (74) a_term -> . a_factor
    (42) q_factor_list -> . q_factor_list AND q_factor
    (43) q_factor_list -> . q_factor
    (39) q_factor -> . q_atom
    (40) q_factor -> . NOT q_factor
    (41) q_factor -> . LEFTSMALLBRACKET q_expr RIGHTSMALLBRACKET
    (75) a_factor -> . NUMBER
    (76) a_factor -> . ALIAS LEFTSQRBRACKET NUMBER RIGHTSQRBRACKET
    (77) a_factor -> . LEFTSMALLBRACKET a_expression RIGHTSMALLBRACKET
    (44) q_atom -> . q_equal_atom_3
    (45) q_atom -> . q_equal_atom_2
    (46) q_atom -> . me_atom
    (47) q_equal_atom_3 -> . q_iden_3 LEFTSMALLBRACKET NUMBER COMMA q_alias_concat_wrap COMMA IDEN RIGHTSMALLBRACKET
    (48) q_equal_atom_3 -> . q_iden_3 LEFTSMALLBRACKET NUMBER COMMA q_alias_concat_wrap COMMA NUMBER RIGHTSMALLBRACKET
    (49) q_equal_atom_2 -> . q_iden_2 LEFTSMALLBRACKET q_alias_concat_wrap COMMA IDEN RIGHTSMALLBRACKET
    (50) q_equal_atom_2 -> . q_iden_2 LEFTSMALLBRACKET q_alias_concat_wrap COMMA NUMBER RIGHTSMALLBRACKET
    (62) me_atom -> . a_expression_atom
    (51) q_iden_3 -> . EQUALATMOST
    (52) q_iden_3 -> . EQUALATLEAST
    (53) q_iden_3 -> . EQUALFEW
    (54) q_iden_2 -> . EQUALALL
    (55) q_iden_2 -> . EQUALANY
    (63) a_expression_atom -> . a_expression EQUAL a_expression
    (64) a_expression_atom -> . a_expression NOTEQUAL a_expression
    (65) a_expression_atom -> . a_expression GREATEREQUAL a_expression
    (66) a_expression_atom -> . a_expression GREATER a_expression
    (67) a_expression_atom -> . a_expression LESSEQUAL a_expression
    (68) a_expression_atom -> . a_expression LESS a_expression

    NOT             shift and go to state 18
    LEFTSMALLBRACKET shift and go to state 30
    NUMBER          shift and go to state 33
    ALIAS           shift and go to state 14
    EQUALATMOST     shift and go to state 32
    EQUALATLEAST    shift and go to state 36
    EQUALFEW        shift and go to state 34
    EQUALALL        shift and go to state 23
    EQUALANY        shift and go to state 19

    a_term                         shift and go to state 13
    me_atom                        shift and go to state 24
    q_factor_list                  shift and go to state 15
    q_equal_atom_3                 shift and go to state 16
    a_expression                   shift and go to state 58
    q_atom                         shift and go to state 27
    q_factor                       shift and go to state 28
    q_equal_atom_2                 shift and go to state 29
    q_expr                         shift and go to state 57
    a_factor                       shift and go to state 21
    a_expression_atom              shift and go to state 20
    q_term                         shift and go to state 31
    q_iden_2                       shift and go to state 22
    q_term_list                    shift and go to state 35
    q_iden_3                       shift and go to state 25

state 31

    (34) q_expr -> q_term .
    (38) q_term_list -> q_term .

    RIGHTSMALLBRACKET reduce using rule 34 (q_expr -> q_term .)
    OR              reduce using rule 38 (q_term_list -> q_term .)


state 32

    (51) q_iden_3 -> EQUALATMOST .

    LEFTSMALLBRACKET reduce using rule 51 (q_iden_3 -> EQUALATMOST .)


state 33

    (75) a_factor -> NUMBER .

    TIMES           reduce using rule 75 (a_factor -> NUMBER .)
    DIVIDE          reduce using rule 75 (a_factor -> NUMBER .)
    EQUAL           reduce using rule 75 (a_factor -> NUMBER .)
    NOTEQUAL        reduce using rule 75 (a_factor -> NUMBER .)
    GREATEREQUAL    reduce using rule 75 (a_factor -> NUMBER .)
    GREATER         reduce using rule 75 (a_factor -> NUMBER .)
    LESSEQUAL       reduce using rule 75 (a_factor -> NUMBER .)
    LESS            reduce using rule 75 (a_factor -> NUMBER .)
    PLUS            reduce using rule 75 (a_factor -> NUMBER .)
    MINUS           reduce using rule 75 (a_factor -> NUMBER .)
    RIGHTSMALLBRACKET reduce using rule 75 (a_factor -> NUMBER .)
    OR              reduce using rule 75 (a_factor -> NUMBER .)
    AND             reduce using rule 75 (a_factor -> NUMBER .)


state 34

    (53) q_iden_3 -> EQUALFEW .

    LEFTSMALLBRACKET reduce using rule 53 (q_iden_3 -> EQUALFEW .)


state 35

    (33) q_expr -> q_term_list . OR q_term
    (37) q_term_list -> q_term_list . OR q_term

    OR              shift and go to state 59


state 36

    (52) q_iden_3 -> EQUALATLEAST .

    LEFTSMALLBRACKET reduce using rule 52 (q_iden_3 -> EQUALATLEAST .)


state 37

    (7) ed_params -> LEFTSQRBRACKET . alias_list RIGHTSQRBRACKET
    (8) alias_list -> . alias_list COMMA ALIAS ASSIGNMENT FLOAT
    (9) alias_list -> . alias_list COMMA ALIAS
    (10) alias_list -> . ALIAS ASSIGNMENT FLOAT
    (11) alias_list -> . ALIAS

    ALIAS           shift and go to state 61

    alias_list                     shift and go to state 60

state 38

    (6) entity_def -> ENTITY IDEN ed_params . ed_feature
    (12) ed_feature -> . LEFTSMALLBRACKET ed_feature_inner RIGHTSMALLBRACKET

    LEFTSMALLBRACKET shift and go to state 62

    ed_feature                     shift and go to state 63

state 39

    (18) entity_initialize -> IDEN . ei_params ei_number
    (20) ei_params -> . LEFTSMALLBRACKET float_list ei_flag_option RIGHTSMALLBRACKET
    (21) ei_params -> . empty
    (19) empty -> .

    LEFTSMALLBRACKET shift and go to state 64
    LEFTCURLYBRACE  reduce using rule 19 (empty -> .)

    empty                          shift and go to state 66
    ei_params                      shift and go to state 65

state 40

    (29) entity_action -> ALIAS ASSIGNMENT entity_initialize . DOT ROLL LEFTSMALLBRACKET option_number RIGHTSMALLBRACKET

    DOT             shift and go to state 67


state 41

    (72) a_term -> a_term TIMES . a_factor
    (75) a_factor -> . NUMBER
    (76) a_factor -> . ALIAS LEFTSQRBRACKET NUMBER RIGHTSQRBRACKET
    (77) a_factor -> . LEFTSMALLBRACKET a_expression RIGHTSMALLBRACKET

    NUMBER          shift and go to state 33
    ALIAS           shift and go to state 14
    LEFTSMALLBRACKET shift and go to state 68

    a_factor                       shift and go to state 69

state 42

    (73) a_term -> a_term DIVIDE . a_factor
    (75) a_factor -> . NUMBER
    (76) a_factor -> . ALIAS LEFTSQRBRACKET NUMBER RIGHTSQRBRACKET
    (77) a_factor -> . LEFTSMALLBRACKET a_expression RIGHTSMALLBRACKET

    NUMBER          shift and go to state 33
    ALIAS           shift and go to state 14
    LEFTSMALLBRACKET shift and go to state 68

    a_factor                       shift and go to state 70

state 43

    (76) a_factor -> ALIAS LEFTSQRBRACKET . NUMBER RIGHTSQRBRACKET

    NUMBER          shift and go to state 71


state 44

    (35) q_term -> q_factor_list AND . q_factor
    (42) q_factor_list -> q_factor_list AND . q_factor
    (39) q_factor -> . q_atom
    (40) q_factor -> . NOT q_factor
    (41) q_factor -> . LEFTSMALLBRACKET q_expr RIGHTSMALLBRACKET
    (44) q_atom -> . q_equal_atom_3
    (45) q_atom -> . q_equal_atom_2
    (46) q_atom -> . me_atom
    (47) q_equal_atom_3 -> . q_iden_3 LEFTSMALLBRACKET NUMBER COMMA q_alias_concat_wrap COMMA IDEN RIGHTSMALLBRACKET
    (48) q_equal_atom_3 -> . q_iden_3 LEFTSMALLBRACKET NUMBER COMMA q_alias_concat_wrap COMMA NUMBER RIGHTSMALLBRACKET
    (49) q_equal_atom_2 -> . q_iden_2 LEFTSMALLBRACKET q_alias_concat_wrap COMMA IDEN RIGHTSMALLBRACKET
    (50) q_equal_atom_2 -> . q_iden_2 LEFTSMALLBRACKET q_alias_concat_wrap COMMA NUMBER RIGHTSMALLBRACKET
    (62) me_atom -> . a_expression_atom
    (51) q_iden_3 -> . EQUALATMOST
    (52) q_iden_3 -> . EQUALATLEAST
    (53) q_iden_3 -> . EQUALFEW
    (54) q_iden_2 -> . EQUALALL
    (55) q_iden_2 -> . EQUALANY
    (63) a_expression_atom -> . a_expression EQUAL a_expression
    (64) a_expression_atom -> . a_expression NOTEQUAL a_expression
    (65) a_expression_atom -> . a_expression GREATEREQUAL a_expression
    (66) a_expression_atom -> . a_expression GREATER a_expression
    (67) a_expression_atom -> . a_expression LESSEQUAL a_expression
    (68) a_expression_atom -> . a_expression LESS a_expression
    (69) a_expression -> . a_expression PLUS a_term
    (70) a_expression -> . a_expression MINUS a_term
    (71) a_expression -> . a_term
    (72) a_term -> . a_term TIMES a_factor
    (73) a_term -> . a_term DIVIDE a_factor
    (74) a_term -> . a_factor
    (75) a_factor -> . NUMBER
    (76) a_factor -> . ALIAS LEFTSQRBRACKET NUMBER RIGHTSQRBRACKET
    (77) a_factor -> . LEFTSMALLBRACKET a_expression RIGHTSMALLBRACKET

    NOT             shift and go to state 18
    LEFTSMALLBRACKET shift and go to state 30
    EQUALATMOST     shift and go to state 32
    EQUALATLEAST    shift and go to state 36
    EQUALFEW        shift and go to state 34
    EQUALALL        shift and go to state 23
    EQUALANY        shift and go to state 19
    NUMBER          shift and go to state 33
    ALIAS           shift and go to state 14

    a_term                         shift and go to state 13
    me_atom                        shift and go to state 24
    q_iden_3                       shift and go to state 25
    q_equal_atom_3                 shift and go to state 16
    a_expression                   shift and go to state 26
    q_atom                         shift and go to state 27
    q_factor                       shift and go to state 72
    q_equal_atom_2                 shift and go to state 29
    a_expression_atom              shift and go to state 20
    q_iden_2                       shift and go to state 22
    a_factor                       shift and go to state 21

state 45

    (32) query_wrap -> QUERY LEFTSMALLBRACKET q_expr RIGHTSMALLBRACKET .

    ENTITY          reduce using rule 32 (query_wrap -> QUERY LEFTSMALLBRACKET q_expr RIGHTSMALLBRACKET .)
    ALIAS           reduce using rule 32 (query_wrap -> QUERY LEFTSMALLBRACKET q_expr RIGHTSMALLBRACKET .)
    QUERY           reduce using rule 32 (query_wrap -> QUERY LEFTSMALLBRACKET q_expr RIGHTSMALLBRACKET .)
    $end            reduce using rule 32 (query_wrap -> QUERY LEFTSMALLBRACKET q_expr RIGHTSMALLBRACKET .)


state 46

    (40) q_factor -> NOT q_factor .

    RIGHTSMALLBRACKET reduce using rule 40 (q_factor -> NOT q_factor .)
    OR              reduce using rule 40 (q_factor -> NOT q_factor .)
    AND             reduce using rule 40 (q_factor -> NOT q_factor .)


state 47

    (49) q_equal_atom_2 -> q_iden_2 LEFTSMALLBRACKET . q_alias_concat_wrap COMMA IDEN RIGHTSMALLBRACKET
    (50) q_equal_atom_2 -> q_iden_2 LEFTSMALLBRACKET . q_alias_concat_wrap COMMA NUMBER RIGHTSMALLBRACKET
    (56) q_alias_concat_wrap -> . alias_slice
    (57) q_alias_concat_wrap -> . LEFTSQRBRACKET q_alias_concat RIGHTSQRBRACKET
    (60) alias_slice -> . ALIAS
    (61) alias_slice -> . ALIAS LEFTSQRBRACKET NUMBER COLON NUMBER RIGHTSQRBRACKET

    LEFTSQRBRACKET  shift and go to state 73
    ALIAS           shift and go to state 76

    alias_slice                    shift and go to state 74
    q_alias_concat_wrap            shift and go to state 75

state 48

    (47) q_equal_atom_3 -> q_iden_3 LEFTSMALLBRACKET . NUMBER COMMA q_alias_concat_wrap COMMA IDEN RIGHTSMALLBRACKET
    (48) q_equal_atom_3 -> q_iden_3 LEFTSMALLBRACKET . NUMBER COMMA q_alias_concat_wrap COMMA NUMBER RIGHTSMALLBRACKET

    NUMBER          shift and go to state 77


state 49

    (64) a_expression_atom -> a_expression NOTEQUAL . a_expression
    (69) a_expression -> . a_expression PLUS a_term
    (70) a_expression -> . a_expression MINUS a_term
    (71) a_expression -> . a_term
    (72) a_term -> . a_term TIMES a_factor
    (73) a_term -> . a_term DIVIDE a_factor
    (74) a_term -> . a_factor
    (75) a_factor -> . NUMBER
    (76) a_factor -> . ALIAS LEFTSQRBRACKET NUMBER RIGHTSQRBRACKET
    (77) a_factor -> . LEFTSMALLBRACKET a_expression RIGHTSMALLBRACKET

    NUMBER          shift and go to state 33
    ALIAS           shift and go to state 14
    LEFTSMALLBRACKET shift and go to state 68

    a_factor                       shift and go to state 21
    a_term                         shift and go to state 13
    a_expression                   shift and go to state 78

state 50

    (68) a_expression_atom -> a_expression LESS . a_expression
    (69) a_expression -> . a_expression PLUS a_term
    (70) a_expression -> . a_expression MINUS a_term
    (71) a_expression -> . a_term
    (72) a_term -> . a_term TIMES a_factor
    (73) a_term -> . a_term DIVIDE a_factor
    (74) a_term -> . a_factor
    (75) a_factor -> . NUMBER
    (76) a_factor -> . ALIAS LEFTSQRBRACKET NUMBER RIGHTSQRBRACKET
    (77) a_factor -> . LEFTSMALLBRACKET a_expression RIGHTSMALLBRACKET

    NUMBER          shift and go to state 33
    ALIAS           shift and go to state 14
    LEFTSMALLBRACKET shift and go to state 68

    a_factor                       shift and go to state 21
    a_term                         shift and go to state 13
    a_expression                   shift and go to state 79

state 51

    (66) a_expression_atom -> a_expression GREATER . a_expression
    (69) a_expression -> . a_expression PLUS a_term
    (70) a_expression -> . a_expression MINUS a_term
    (71) a_expression -> . a_term
    (72) a_term -> . a_term TIMES a_factor
    (73) a_term -> . a_term DIVIDE a_factor
    (74) a_term -> . a_factor
    (75) a_factor -> . NUMBER
    (76) a_factor -> . ALIAS LEFTSQRBRACKET NUMBER RIGHTSQRBRACKET
    (77) a_factor -> . LEFTSMALLBRACKET a_expression RIGHTSMALLBRACKET

    NUMBER          shift and go to state 33
    ALIAS           shift and go to state 14
    LEFTSMALLBRACKET shift and go to state 68

    a_factor                       shift and go to state 21
    a_term                         shift and go to state 13
    a_expression                   shift and go to state 80

state 52

    (63) a_expression_atom -> a_expression EQUAL . a_expression
    (69) a_expression -> . a_expression PLUS a_term
    (70) a_expression -> . a_expression MINUS a_term
    (71) a_expression -> . a_term
    (72) a_term -> . a_term TIMES a_factor
    (73) a_term -> . a_term DIVIDE a_factor
    (74) a_term -> . a_factor
    (75) a_factor -> . NUMBER
    (76) a_factor -> . ALIAS LEFTSQRBRACKET NUMBER RIGHTSQRBRACKET
    (77) a_factor -> . LEFTSMALLBRACKET a_expression RIGHTSMALLBRACKET

    NUMBER          shift and go to state 33
    ALIAS           shift and go to state 14
    LEFTSMALLBRACKET shift and go to state 68

    a_factor                       shift and go to state 21
    a_term                         shift and go to state 13
    a_expression                   shift and go to state 81

state 53

    (65) a_expression_atom -> a_expression GREATEREQUAL . a_expression
    (69) a_expression -> . a_expression PLUS a_term
    (70) a_expression -> . a_expression MINUS a_term
    (71) a_expression -> . a_term
    (72) a_term -> . a_term TIMES a_factor
    (73) a_term -> . a_term DIVIDE a_factor
    (74) a_term -> . a_factor
    (75) a_factor -> . NUMBER
    (76) a_factor -> . ALIAS LEFTSQRBRACKET NUMBER RIGHTSQRBRACKET
    (77) a_factor -> . LEFTSMALLBRACKET a_expression RIGHTSMALLBRACKET

    NUMBER          shift and go to state 33
    ALIAS           shift and go to state 14
    LEFTSMALLBRACKET shift and go to state 68

    a_factor                       shift and go to state 21
    a_term                         shift and go to state 13
    a_expression                   shift and go to state 82

state 54

    (67) a_expression_atom -> a_expression LESSEQUAL . a_expression
    (69) a_expression -> . a_expression PLUS a_term
    (70) a_expression -> . a_expression MINUS a_term
    (71) a_expression -> . a_term
    (72) a_term -> . a_term TIMES a_factor
    (73) a_term -> . a_term DIVIDE a_factor
    (74) a_term -> . a_factor
    (75) a_factor -> . NUMBER
    (76) a_factor -> . ALIAS LEFTSQRBRACKET NUMBER RIGHTSQRBRACKET
    (77) a_factor -> . LEFTSMALLBRACKET a_expression RIGHTSMALLBRACKET

    NUMBER          shift and go to state 33
    ALIAS           shift and go to state 14
    LEFTSMALLBRACKET shift and go to state 68

    a_factor                       shift and go to state 21
    a_term                         shift and go to state 13
    a_expression                   shift and go to state 83

state 55

    (70) a_expression -> a_expression MINUS . a_term
    (72) a_term -> . a_term TIMES a_factor
    (73) a_term -> . a_term DIVIDE a_factor
    (74) a_term -> . a_factor
    (75) a_factor -> . NUMBER
    (76) a_factor -> . ALIAS LEFTSQRBRACKET NUMBER RIGHTSQRBRACKET
    (77) a_factor -> . LEFTSMALLBRACKET a_expression RIGHTSMALLBRACKET

    NUMBER          shift and go to state 33
    ALIAS           shift and go to state 14
    LEFTSMALLBRACKET shift and go to state 68

    a_factor                       shift and go to state 21
    a_term                         shift and go to state 84

state 56

    (69) a_expression -> a_expression PLUS . a_term
    (72) a_term -> . a_term TIMES a_factor
    (73) a_term -> . a_term DIVIDE a_factor
    (74) a_term -> . a_factor
    (75) a_factor -> . NUMBER
    (76) a_factor -> . ALIAS LEFTSQRBRACKET NUMBER RIGHTSQRBRACKET
    (77) a_factor -> . LEFTSMALLBRACKET a_expression RIGHTSMALLBRACKET

    NUMBER          shift and go to state 33
    ALIAS           shift and go to state 14
    LEFTSMALLBRACKET shift and go to state 68

    a_factor                       shift and go to state 21
    a_term                         shift and go to state 85

state 57

    (41) q_factor -> LEFTSMALLBRACKET q_expr . RIGHTSMALLBRACKET

    RIGHTSMALLBRACKET shift and go to state 86


state 58

    (77) a_factor -> LEFTSMALLBRACKET a_expression . RIGHTSMALLBRACKET
    (69) a_expression -> a_expression . PLUS a_term
    (70) a_expression -> a_expression . MINUS a_term
    (63) a_expression_atom -> a_expression . EQUAL a_expression
    (64) a_expression_atom -> a_expression . NOTEQUAL a_expression
    (65) a_expression_atom -> a_expression . GREATEREQUAL a_expression
    (66) a_expression_atom -> a_expression . GREATER a_expression
    (67) a_expression_atom -> a_expression . LESSEQUAL a_expression
    (68) a_expression_atom -> a_expression . LESS a_expression

    RIGHTSMALLBRACKET shift and go to state 87
    PLUS            shift and go to state 56
    MINUS           shift and go to state 55
    EQUAL           shift and go to state 52
    NOTEQUAL        shift and go to state 49
    GREATEREQUAL    shift and go to state 53
    GREATER         shift and go to state 51
    LESSEQUAL       shift and go to state 54
    LESS            shift and go to state 50


state 59

    (33) q_expr -> q_term_list OR . q_term
    (37) q_term_list -> q_term_list OR . q_term
    (35) q_term -> . q_factor_list AND q_factor
    (36) q_term -> . q_factor
    (42) q_factor_list -> . q_factor_list AND q_factor
    (43) q_factor_list -> . q_factor
    (39) q_factor -> . q_atom
    (40) q_factor -> . NOT q_factor
    (41) q_factor -> . LEFTSMALLBRACKET q_expr RIGHTSMALLBRACKET
    (44) q_atom -> . q_equal_atom_3
    (45) q_atom -> . q_equal_atom_2
    (46) q_atom -> . me_atom
    (47) q_equal_atom_3 -> . q_iden_3 LEFTSMALLBRACKET NUMBER COMMA q_alias_concat_wrap COMMA IDEN RIGHTSMALLBRACKET
    (48) q_equal_atom_3 -> . q_iden_3 LEFTSMALLBRACKET NUMBER COMMA q_alias_concat_wrap COMMA NUMBER RIGHTSMALLBRACKET
    (49) q_equal_atom_2 -> . q_iden_2 LEFTSMALLBRACKET q_alias_concat_wrap COMMA IDEN RIGHTSMALLBRACKET
    (50) q_equal_atom_2 -> . q_iden_2 LEFTSMALLBRACKET q_alias_concat_wrap COMMA NUMBER RIGHTSMALLBRACKET
    (62) me_atom -> . a_expression_atom
    (51) q_iden_3 -> . EQUALATMOST
    (52) q_iden_3 -> . EQUALATLEAST
    (53) q_iden_3 -> . EQUALFEW
    (54) q_iden_2 -> . EQUALALL
    (55) q_iden_2 -> . EQUALANY
    (63) a_expression_atom -> . a_expression EQUAL a_expression
    (64) a_expression_atom -> . a_expression NOTEQUAL a_expression
    (65) a_expression_atom -> . a_expression GREATEREQUAL a_expression
    (66) a_expression_atom -> . a_expression GREATER a_expression
    (67) a_expression_atom -> . a_expression LESSEQUAL a_expression
    (68) a_expression_atom -> . a_expression LESS a_expression
    (69) a_expression -> . a_expression PLUS a_term
    (70) a_expression -> . a_expression MINUS a_term
    (71) a_expression -> . a_term
    (72) a_term -> . a_term TIMES a_factor
    (73) a_term -> . a_term DIVIDE a_factor
    (74) a_term -> . a_factor
    (75) a_factor -> . NUMBER
    (76) a_factor -> . ALIAS LEFTSQRBRACKET NUMBER RIGHTSQRBRACKET
    (77) a_factor -> . LEFTSMALLBRACKET a_expression RIGHTSMALLBRACKET

    NOT             shift and go to state 18
    LEFTSMALLBRACKET shift and go to state 30
    EQUALATMOST     shift and go to state 32
    EQUALATLEAST    shift and go to state 36
    EQUALFEW        shift and go to state 34
    EQUALALL        shift and go to state 23
    EQUALANY        shift and go to state 19
    NUMBER          shift and go to state 33
    ALIAS           shift and go to state 14

    a_term                         shift and go to state 13
    me_atom                        shift and go to state 24
    q_iden_3                       shift and go to state 25
    q_equal_atom_3                 shift and go to state 16
    q_factor_list                  shift and go to state 15
    q_atom                         shift and go to state 27
    q_factor                       shift and go to state 28
    q_equal_atom_2                 shift and go to state 29
    a_expression_atom              shift and go to state 20
    q_term                         shift and go to state 88
    a_factor                       shift and go to state 21
    q_iden_2                       shift and go to state 22
    a_expression                   shift and go to state 26

state 60

    (7) ed_params -> LEFTSQRBRACKET alias_list . RIGHTSQRBRACKET
    (8) alias_list -> alias_list . COMMA ALIAS ASSIGNMENT FLOAT
    (9) alias_list -> alias_list . COMMA ALIAS

    RIGHTSQRBRACKET shift and go to state 89
    COMMA           shift and go to state 90


state 61

    (10) alias_list -> ALIAS . ASSIGNMENT FLOAT
    (11) alias_list -> ALIAS .

    ASSIGNMENT      shift and go to state 91
    RIGHTSQRBRACKET reduce using rule 11 (alias_list -> ALIAS .)
    COMMA           reduce using rule 11 (alias_list -> ALIAS .)


state 62

    (12) ed_feature -> LEFTSMALLBRACKET . ed_feature_inner RIGHTSMALLBRACKET
    (13) ed_feature_inner -> . entity_prop_prob
    (14) entity_prop_prob -> . entity_prop_prob SEMICOLON entity_prop_prob_atom
    (15) entity_prop_prob -> . entity_prop_prob_atom
    (16) entity_prop_prob_atom -> . ALIAS DOUBLECOLON IDEN
    (17) entity_prop_prob_atom -> . ALIAS DOUBLECOLON NUMBER

    ALIAS           shift and go to state 92

    entity_prop_prob               shift and go to state 94
    ed_feature_inner               shift and go to state 95
    entity_prop_prob_atom          shift and go to state 93

state 63

    (6) entity_def -> ENTITY IDEN ed_params ed_feature .

    ENTITY          reduce using rule 6 (entity_def -> ENTITY IDEN ed_params ed_feature .)
    ALIAS           reduce using rule 6 (entity_def -> ENTITY IDEN ed_params ed_feature .)
    QUERY           reduce using rule 6 (entity_def -> ENTITY IDEN ed_params ed_feature .)
    $end            reduce using rule 6 (entity_def -> ENTITY IDEN ed_params ed_feature .)


state 64

    (20) ei_params -> LEFTSMALLBRACKET . float_list ei_flag_option RIGHTSMALLBRACKET
    (22) float_list -> . float_list COMMA FLOAT
    (23) float_list -> . float_list COMMA NUMBER
    (24) float_list -> . FLOAT
    (25) float_list -> . NUMBER

    FLOAT           shift and go to state 97
    NUMBER          shift and go to state 98

    float_list                     shift and go to state 96

state 65

    (18) entity_initialize -> IDEN ei_params . ei_number
    (28) ei_number -> . LEFTCURLYBRACE NUMBER RIGHTCURLYBRACE

    LEFTCURLYBRACE  shift and go to state 100

    ei_number                      shift and go to state 99

state 66

    (21) ei_params -> empty .

    LEFTCURLYBRACE  reduce using rule 21 (ei_params -> empty .)


state 67

    (29) entity_action -> ALIAS ASSIGNMENT entity_initialize DOT . ROLL LEFTSMALLBRACKET option_number RIGHTSMALLBRACKET

    ROLL            shift and go to state 101


state 68

    (77) a_factor -> LEFTSMALLBRACKET . a_expression RIGHTSMALLBRACKET
    (69) a_expression -> . a_expression PLUS a_term
    (70) a_expression -> . a_expression MINUS a_term
    (71) a_expression -> . a_term
    (72) a_term -> . a_term TIMES a_factor
    (73) a_term -> . a_term DIVIDE a_factor
    (74) a_term -> . a_factor
    (75) a_factor -> . NUMBER
    (76) a_factor -> . ALIAS LEFTSQRBRACKET NUMBER RIGHTSQRBRACKET
    (77) a_factor -> . LEFTSMALLBRACKET a_expression RIGHTSMALLBRACKET

    NUMBER          shift and go to state 33
    ALIAS           shift and go to state 14
    LEFTSMALLBRACKET shift and go to state 68

    a_factor                       shift and go to state 21
    a_term                         shift and go to state 13
    a_expression                   shift and go to state 102

state 69

    (72) a_term -> a_term TIMES a_factor .

    TIMES           reduce using rule 72 (a_term -> a_term TIMES a_factor .)
    DIVIDE          reduce using rule 72 (a_term -> a_term TIMES a_factor .)
    PLUS            reduce using rule 72 (a_term -> a_term TIMES a_factor .)
    MINUS           reduce using rule 72 (a_term -> a_term TIMES a_factor .)
    RIGHTSMALLBRACKET reduce using rule 72 (a_term -> a_term TIMES a_factor .)
    OR              reduce using rule 72 (a_term -> a_term TIMES a_factor .)
    AND             reduce using rule 72 (a_term -> a_term TIMES a_factor .)
    EQUAL           reduce using rule 72 (a_term -> a_term TIMES a_factor .)
    NOTEQUAL        reduce using rule 72 (a_term -> a_term TIMES a_factor .)
    GREATEREQUAL    reduce using rule 72 (a_term -> a_term TIMES a_factor .)
    GREATER         reduce using rule 72 (a_term -> a_term TIMES a_factor .)
    LESSEQUAL       reduce using rule 72 (a_term -> a_term TIMES a_factor .)
    LESS            reduce using rule 72 (a_term -> a_term TIMES a_factor .)


state 70

    (73) a_term -> a_term DIVIDE a_factor .

    TIMES           reduce using rule 73 (a_term -> a_term DIVIDE a_factor .)
    DIVIDE          reduce using rule 73 (a_term -> a_term DIVIDE a_factor .)
    PLUS            reduce using rule 73 (a_term -> a_term DIVIDE a_factor .)
    MINUS           reduce using rule 73 (a_term -> a_term DIVIDE a_factor .)
    RIGHTSMALLBRACKET reduce using rule 73 (a_term -> a_term DIVIDE a_factor .)
    OR              reduce using rule 73 (a_term -> a_term DIVIDE a_factor .)
    AND             reduce using rule 73 (a_term -> a_term DIVIDE a_factor .)
    EQUAL           reduce using rule 73 (a_term -> a_term DIVIDE a_factor .)
    NOTEQUAL        reduce using rule 73 (a_term -> a_term DIVIDE a_factor .)
    GREATEREQUAL    reduce using rule 73 (a_term -> a_term DIVIDE a_factor .)
    GREATER         reduce using rule 73 (a_term -> a_term DIVIDE a_factor .)
    LESSEQUAL       reduce using rule 73 (a_term -> a_term DIVIDE a_factor .)
    LESS            reduce using rule 73 (a_term -> a_term DIVIDE a_factor .)


state 71

    (76) a_factor -> ALIAS LEFTSQRBRACKET NUMBER . RIGHTSQRBRACKET

    RIGHTSQRBRACKET shift and go to state 103


state 72

    (35) q_term -> q_factor_list AND q_factor .
    (42) q_factor_list -> q_factor_list AND q_factor .

    RIGHTSMALLBRACKET reduce using rule 35 (q_term -> q_factor_list AND q_factor .)
    OR              reduce using rule 35 (q_term -> q_factor_list AND q_factor .)
    AND             reduce using rule 42 (q_factor_list -> q_factor_list AND q_factor .)


state 73

    (57) q_alias_concat_wrap -> LEFTSQRBRACKET . q_alias_concat RIGHTSQRBRACKET
    (58) q_alias_concat -> . q_alias_concat BAR alias_slice
    (59) q_alias_concat -> . alias_slice
    (60) alias_slice -> . ALIAS
    (61) alias_slice -> . ALIAS LEFTSQRBRACKET NUMBER COLON NUMBER RIGHTSQRBRACKET

    ALIAS           shift and go to state 76

    q_alias_concat                 shift and go to state 104
    alias_slice                    shift and go to state 105

state 74

    (56) q_alias_concat_wrap -> alias_slice .

    COMMA           reduce using rule 56 (q_alias_concat_wrap -> alias_slice .)


state 75

    (49) q_equal_atom_2 -> q_iden_2 LEFTSMALLBRACKET q_alias_concat_wrap . COMMA IDEN RIGHTSMALLBRACKET
    (50) q_equal_atom_2 -> q_iden_2 LEFTSMALLBRACKET q_alias_concat_wrap . COMMA NUMBER RIGHTSMALLBRACKET

    COMMA           shift and go to state 106


state 76

    (60) alias_slice -> ALIAS .
    (61) alias_slice -> ALIAS . LEFTSQRBRACKET NUMBER COLON NUMBER RIGHTSQRBRACKET

    RIGHTSQRBRACKET reduce using rule 60 (alias_slice -> ALIAS .)
    BAR             reduce using rule 60 (alias_slice -> ALIAS .)
    COMMA           reduce using rule 60 (alias_slice -> ALIAS .)
    LEFTSQRBRACKET  shift and go to state 107


state 77

    (47) q_equal_atom_3 -> q_iden_3 LEFTSMALLBRACKET NUMBER . COMMA q_alias_concat_wrap COMMA IDEN RIGHTSMALLBRACKET
    (48) q_equal_atom_3 -> q_iden_3 LEFTSMALLBRACKET NUMBER . COMMA q_alias_concat_wrap COMMA NUMBER RIGHTSMALLBRACKET

    COMMA           shift and go to state 108


state 78

    (64) a_expression_atom -> a_expression NOTEQUAL a_expression .
    (69) a_expression -> a_expression . PLUS a_term
    (70) a_expression -> a_expression . MINUS a_term

    RIGHTSMALLBRACKET reduce using rule 64 (a_expression_atom -> a_expression NOTEQUAL a_expression .)
    OR              reduce using rule 64 (a_expression_atom -> a_expression NOTEQUAL a_expression .)
    AND             reduce using rule 64 (a_expression_atom -> a_expression NOTEQUAL a_expression .)
    PLUS            shift and go to state 56
    MINUS           shift and go to state 55


state 79

    (68) a_expression_atom -> a_expression LESS a_expression .
    (69) a_expression -> a_expression . PLUS a_term
    (70) a_expression -> a_expression . MINUS a_term

    RIGHTSMALLBRACKET reduce using rule 68 (a_expression_atom -> a_expression LESS a_expression .)
    OR              reduce using rule 68 (a_expression_atom -> a_expression LESS a_expression .)
    AND             reduce using rule 68 (a_expression_atom -> a_expression LESS a_expression .)
    PLUS            shift and go to state 56
    MINUS           shift and go to state 55


state 80

    (66) a_expression_atom -> a_expression GREATER a_expression .
    (69) a_expression -> a_expression . PLUS a_term
    (70) a_expression -> a_expression . MINUS a_term

    RIGHTSMALLBRACKET reduce using rule 66 (a_expression_atom -> a_expression GREATER a_expression .)
    OR              reduce using rule 66 (a_expression_atom -> a_expression GREATER a_expression .)
    AND             reduce using rule 66 (a_expression_atom -> a_expression GREATER a_expression .)
    PLUS            shift and go to state 56
    MINUS           shift and go to state 55


state 81

    (63) a_expression_atom -> a_expression EQUAL a_expression .
    (69) a_expression -> a_expression . PLUS a_term
    (70) a_expression -> a_expression . MINUS a_term

    RIGHTSMALLBRACKET reduce using rule 63 (a_expression_atom -> a_expression EQUAL a_expression .)
    OR              reduce using rule 63 (a_expression_atom -> a_expression EQUAL a_expression .)
    AND             reduce using rule 63 (a_expression_atom -> a_expression EQUAL a_expression .)
    PLUS            shift and go to state 56
    MINUS           shift and go to state 55


state 82

    (65) a_expression_atom -> a_expression GREATEREQUAL a_expression .
    (69) a_expression -> a_expression . PLUS a_term
    (70) a_expression -> a_expression . MINUS a_term

    RIGHTSMALLBRACKET reduce using rule 65 (a_expression_atom -> a_expression GREATEREQUAL a_expression .)
    OR              reduce using rule 65 (a_expression_atom -> a_expression GREATEREQUAL a_expression .)
    AND             reduce using rule 65 (a_expression_atom -> a_expression GREATEREQUAL a_expression .)
    PLUS            shift and go to state 56
    MINUS           shift and go to state 55


state 83

    (67) a_expression_atom -> a_expression LESSEQUAL a_expression .
    (69) a_expression -> a_expression . PLUS a_term
    (70) a_expression -> a_expression . MINUS a_term

    RIGHTSMALLBRACKET reduce using rule 67 (a_expression_atom -> a_expression LESSEQUAL a_expression .)
    OR              reduce using rule 67 (a_expression_atom -> a_expression LESSEQUAL a_expression .)
    AND             reduce using rule 67 (a_expression_atom -> a_expression LESSEQUAL a_expression .)
    PLUS            shift and go to state 56
    MINUS           shift and go to state 55


state 84

    (70) a_expression -> a_expression MINUS a_term .
    (72) a_term -> a_term . TIMES a_factor
    (73) a_term -> a_term . DIVIDE a_factor

    PLUS            reduce using rule 70 (a_expression -> a_expression MINUS a_term .)
    MINUS           reduce using rule 70 (a_expression -> a_expression MINUS a_term .)
    RIGHTSMALLBRACKET reduce using rule 70 (a_expression -> a_expression MINUS a_term .)
    OR              reduce using rule 70 (a_expression -> a_expression MINUS a_term .)
    AND             reduce using rule 70 (a_expression -> a_expression MINUS a_term .)
    EQUAL           reduce using rule 70 (a_expression -> a_expression MINUS a_term .)
    NOTEQUAL        reduce using rule 70 (a_expression -> a_expression MINUS a_term .)
    GREATEREQUAL    reduce using rule 70 (a_expression -> a_expression MINUS a_term .)
    GREATER         reduce using rule 70 (a_expression -> a_expression MINUS a_term .)
    LESSEQUAL       reduce using rule 70 (a_expression -> a_expression MINUS a_term .)
    LESS            reduce using rule 70 (a_expression -> a_expression MINUS a_term .)
    TIMES           shift and go to state 41
    DIVIDE          shift and go to state 42


state 85

    (69) a_expression -> a_expression PLUS a_term .
    (72) a_term -> a_term . TIMES a_factor
    (73) a_term -> a_term . DIVIDE a_factor

    PLUS            reduce using rule 69 (a_expression -> a_expression PLUS a_term .)
    MINUS           reduce using rule 69 (a_expression -> a_expression PLUS a_term .)
    RIGHTSMALLBRACKET reduce using rule 69 (a_expression -> a_expression PLUS a_term .)
    OR              reduce using rule 69 (a_expression -> a_expression PLUS a_term .)
    AND             reduce using rule 69 (a_expression -> a_expression PLUS a_term .)
    EQUAL           reduce using rule 69 (a_expression -> a_expression PLUS a_term .)
    NOTEQUAL        reduce using rule 69 (a_expression -> a_expression PLUS a_term .)
    GREATEREQUAL    reduce using rule 69 (a_expression -> a_expression PLUS a_term .)
    GREATER         reduce using rule 69 (a_expression -> a_expression PLUS a_term .)
    LESSEQUAL       reduce using rule 69 (a_expression -> a_expression PLUS a_term .)
    LESS            reduce using rule 69 (a_expression -> a_expression PLUS a_term .)
    TIMES           shift and go to state 41
    DIVIDE          shift and go to state 42


state 86

    (41) q_factor -> LEFTSMALLBRACKET q_expr RIGHTSMALLBRACKET .

    RIGHTSMALLBRACKET reduce using rule 41 (q_factor -> LEFTSMALLBRACKET q_expr RIGHTSMALLBRACKET .)
    OR              reduce using rule 41 (q_factor -> LEFTSMALLBRACKET q_expr RIGHTSMALLBRACKET .)
    AND             reduce using rule 41 (q_factor -> LEFTSMALLBRACKET q_expr RIGHTSMALLBRACKET .)


state 87

    (77) a_factor -> LEFTSMALLBRACKET a_expression RIGHTSMALLBRACKET .

    TIMES           reduce using rule 77 (a_factor -> LEFTSMALLBRACKET a_expression RIGHTSMALLBRACKET .)
    DIVIDE          reduce using rule 77 (a_factor -> LEFTSMALLBRACKET a_expression RIGHTSMALLBRACKET .)
    EQUAL           reduce using rule 77 (a_factor -> LEFTSMALLBRACKET a_expression RIGHTSMALLBRACKET .)
    NOTEQUAL        reduce using rule 77 (a_factor -> LEFTSMALLBRACKET a_expression RIGHTSMALLBRACKET .)
    GREATEREQUAL    reduce using rule 77 (a_factor -> LEFTSMALLBRACKET a_expression RIGHTSMALLBRACKET .)
    GREATER         reduce using rule 77 (a_factor -> LEFTSMALLBRACKET a_expression RIGHTSMALLBRACKET .)
    LESSEQUAL       reduce using rule 77 (a_factor -> LEFTSMALLBRACKET a_expression RIGHTSMALLBRACKET .)
    LESS            reduce using rule 77 (a_factor -> LEFTSMALLBRACKET a_expression RIGHTSMALLBRACKET .)
    PLUS            reduce using rule 77 (a_factor -> LEFTSMALLBRACKET a_expression RIGHTSMALLBRACKET .)
    MINUS           reduce using rule 77 (a_factor -> LEFTSMALLBRACKET a_expression RIGHTSMALLBRACKET .)
    RIGHTSMALLBRACKET reduce using rule 77 (a_factor -> LEFTSMALLBRACKET a_expression RIGHTSMALLBRACKET .)
    OR              reduce using rule 77 (a_factor -> LEFTSMALLBRACKET a_expression RIGHTSMALLBRACKET .)
    AND             reduce using rule 77 (a_factor -> LEFTSMALLBRACKET a_expression RIGHTSMALLBRACKET .)


state 88

    (33) q_expr -> q_term_list OR q_term .
    (37) q_term_list -> q_term_list OR q_term .

    RIGHTSMALLBRACKET reduce using rule 33 (q_expr -> q_term_list OR q_term .)
    OR              reduce using rule 37 (q_term_list -> q_term_list OR q_term .)


state 89

    (7) ed_params -> LEFTSQRBRACKET alias_list RIGHTSQRBRACKET .

    LEFTSMALLBRACKET reduce using rule 7 (ed_params -> LEFTSQRBRACKET alias_list RIGHTSQRBRACKET .)


state 90

    (8) alias_list -> alias_list COMMA . ALIAS ASSIGNMENT FLOAT
    (9) alias_list -> alias_list COMMA . ALIAS

    ALIAS           shift and go to state 109


state 91

    (10) alias_list -> ALIAS ASSIGNMENT . FLOAT

    FLOAT           shift and go to state 110


state 92

    (16) entity_prop_prob_atom -> ALIAS . DOUBLECOLON IDEN
    (17) entity_prop_prob_atom -> ALIAS . DOUBLECOLON NUMBER

    DOUBLECOLON     shift and go to state 111


state 93

    (15) entity_prop_prob -> entity_prop_prob_atom .

    SEMICOLON       reduce using rule 15 (entity_prop_prob -> entity_prop_prob_atom .)
    RIGHTSMALLBRACKET reduce using rule 15 (entity_prop_prob -> entity_prop_prob_atom .)


state 94

    (13) ed_feature_inner -> entity_prop_prob .
    (14) entity_prop_prob -> entity_prop_prob . SEMICOLON entity_prop_prob_atom

    RIGHTSMALLBRACKET reduce using rule 13 (ed_feature_inner -> entity_prop_prob .)
    SEMICOLON       shift and go to state 112


state 95

    (12) ed_feature -> LEFTSMALLBRACKET ed_feature_inner . RIGHTSMALLBRACKET

    RIGHTSMALLBRACKET shift and go to state 113


state 96

    (20) ei_params -> LEFTSMALLBRACKET float_list . ei_flag_option RIGHTSMALLBRACKET
    (22) float_list -> float_list . COMMA FLOAT
    (23) float_list -> float_list . COMMA NUMBER
    (26) ei_flag_option -> . BAR IDEN
    (27) ei_flag_option -> . empty
    (19) empty -> .

    COMMA           shift and go to state 114
    BAR             shift and go to state 117
    RIGHTSMALLBRACKET reduce using rule 19 (empty -> .)

    empty                          shift and go to state 115
    ei_flag_option                 shift and go to state 116

state 97

    (24) float_list -> FLOAT .

    COMMA           reduce using rule 24 (float_list -> FLOAT .)
    BAR             reduce using rule 24 (float_list -> FLOAT .)
    RIGHTSMALLBRACKET reduce using rule 24 (float_list -> FLOAT .)


state 98

    (25) float_list -> NUMBER .

    COMMA           reduce using rule 25 (float_list -> NUMBER .)
    BAR             reduce using rule 25 (float_list -> NUMBER .)
    RIGHTSMALLBRACKET reduce using rule 25 (float_list -> NUMBER .)


state 99

    (18) entity_initialize -> IDEN ei_params ei_number .

    DOT             reduce using rule 18 (entity_initialize -> IDEN ei_params ei_number .)


state 100

    (28) ei_number -> LEFTCURLYBRACE . NUMBER RIGHTCURLYBRACE

    NUMBER          shift and go to state 118


state 101

    (29) entity_action -> ALIAS ASSIGNMENT entity_initialize DOT ROLL . LEFTSMALLBRACKET option_number RIGHTSMALLBRACKET

    LEFTSMALLBRACKET shift and go to state 119


state 102

    (77) a_factor -> LEFTSMALLBRACKET a_expression . RIGHTSMALLBRACKET
    (69) a_expression -> a_expression . PLUS a_term
    (70) a_expression -> a_expression . MINUS a_term

    RIGHTSMALLBRACKET shift and go to state 87
    PLUS            shift and go to state 56
    MINUS           shift and go to state 55


state 103

    (76) a_factor -> ALIAS LEFTSQRBRACKET NUMBER RIGHTSQRBRACKET .

    TIMES           reduce using rule 76 (a_factor -> ALIAS LEFTSQRBRACKET NUMBER RIGHTSQRBRACKET .)
    DIVIDE          reduce using rule 76 (a_factor -> ALIAS LEFTSQRBRACKET NUMBER RIGHTSQRBRACKET .)
    EQUAL           reduce using rule 76 (a_factor -> ALIAS LEFTSQRBRACKET NUMBER RIGHTSQRBRACKET .)
    NOTEQUAL        reduce using rule 76 (a_factor -> ALIAS LEFTSQRBRACKET NUMBER RIGHTSQRBRACKET .)
    GREATEREQUAL    reduce using rule 76 (a_factor -> ALIAS LEFTSQRBRACKET NUMBER RIGHTSQRBRACKET .)
    GREATER         reduce using rule 76 (a_factor -> ALIAS LEFTSQRBRACKET NUMBER RIGHTSQRBRACKET .)
    LESSEQUAL       reduce using rule 76 (a_factor -> ALIAS LEFTSQRBRACKET NUMBER RIGHTSQRBRACKET .)
    LESS            reduce using rule 76 (a_factor -> ALIAS LEFTSQRBRACKET NUMBER RIGHTSQRBRACKET .)
    PLUS            reduce using rule 76 (a_factor -> ALIAS LEFTSQRBRACKET NUMBER RIGHTSQRBRACKET .)
    MINUS           reduce using rule 76 (a_factor -> ALIAS LEFTSQRBRACKET NUMBER RIGHTSQRBRACKET .)
    RIGHTSMALLBRACKET reduce using rule 76 (a_factor -> ALIAS LEFTSQRBRACKET NUMBER RIGHTSQRBRACKET .)
    OR              reduce using rule 76 (a_factor -> ALIAS LEFTSQRBRACKET NUMBER RIGHTSQRBRACKET .)
    AND             reduce using rule 76 (a_factor -> ALIAS LEFTSQRBRACKET NUMBER RIGHTSQRBRACKET .)


state 104

    (57) q_alias_concat_wrap -> LEFTSQRBRACKET q_alias_concat . RIGHTSQRBRACKET
    (58) q_alias_concat -> q_alias_concat . BAR alias_slice

    RIGHTSQRBRACKET shift and go to state 120
    BAR             shift and go to state 121


state 105

    (59) q_alias_concat -> alias_slice .

    RIGHTSQRBRACKET reduce using rule 59 (q_alias_concat -> alias_slice .)
    BAR             reduce using rule 59 (q_alias_concat -> alias_slice .)


state 106

    (49) q_equal_atom_2 -> q_iden_2 LEFTSMALLBRACKET q_alias_concat_wrap COMMA . IDEN RIGHTSMALLBRACKET
    (50) q_equal_atom_2 -> q_iden_2 LEFTSMALLBRACKET q_alias_concat_wrap COMMA . NUMBER RIGHTSMALLBRACKET

    IDEN            shift and go to state 122
    NUMBER          shift and go to state 123


state 107

    (61) alias_slice -> ALIAS LEFTSQRBRACKET . NUMBER COLON NUMBER RIGHTSQRBRACKET

    NUMBER          shift and go to state 124


state 108

    (47) q_equal_atom_3 -> q_iden_3 LEFTSMALLBRACKET NUMBER COMMA . q_alias_concat_wrap COMMA IDEN RIGHTSMALLBRACKET
    (48) q_equal_atom_3 -> q_iden_3 LEFTSMALLBRACKET NUMBER COMMA . q_alias_concat_wrap COMMA NUMBER RIGHTSMALLBRACKET
    (56) q_alias_concat_wrap -> . alias_slice
    (57) q_alias_concat_wrap -> . LEFTSQRBRACKET q_alias_concat RIGHTSQRBRACKET
    (60) alias_slice -> . ALIAS
    (61) alias_slice -> . ALIAS LEFTSQRBRACKET NUMBER COLON NUMBER RIGHTSQRBRACKET

    LEFTSQRBRACKET  shift and go to state 73
    ALIAS           shift and go to state 76

    alias_slice                    shift and go to state 74
    q_alias_concat_wrap            shift and go to state 125

state 109

    (8) alias_list -> alias_list COMMA ALIAS . ASSIGNMENT FLOAT
    (9) alias_list -> alias_list COMMA ALIAS .

    ASSIGNMENT      shift and go to state 126
    RIGHTSQRBRACKET reduce using rule 9 (alias_list -> alias_list COMMA ALIAS .)
    COMMA           reduce using rule 9 (alias_list -> alias_list COMMA ALIAS .)


state 110

    (10) alias_list -> ALIAS ASSIGNMENT FLOAT .

    RIGHTSQRBRACKET reduce using rule 10 (alias_list -> ALIAS ASSIGNMENT FLOAT .)
    COMMA           reduce using rule 10 (alias_list -> ALIAS ASSIGNMENT FLOAT .)


state 111

    (16) entity_prop_prob_atom -> ALIAS DOUBLECOLON . IDEN
    (17) entity_prop_prob_atom -> ALIAS DOUBLECOLON . NUMBER

    IDEN            shift and go to state 127
    NUMBER          shift and go to state 128


state 112

    (14) entity_prop_prob -> entity_prop_prob SEMICOLON . entity_prop_prob_atom
    (16) entity_prop_prob_atom -> . ALIAS DOUBLECOLON IDEN
    (17) entity_prop_prob_atom -> . ALIAS DOUBLECOLON NUMBER

    ALIAS           shift and go to state 92

    entity_prop_prob_atom          shift and go to state 129

state 113

    (12) ed_feature -> LEFTSMALLBRACKET ed_feature_inner RIGHTSMALLBRACKET .

    ENTITY          reduce using rule 12 (ed_feature -> LEFTSMALLBRACKET ed_feature_inner RIGHTSMALLBRACKET .)
    ALIAS           reduce using rule 12 (ed_feature -> LEFTSMALLBRACKET ed_feature_inner RIGHTSMALLBRACKET .)
    QUERY           reduce using rule 12 (ed_feature -> LEFTSMALLBRACKET ed_feature_inner RIGHTSMALLBRACKET .)
    $end            reduce using rule 12 (ed_feature -> LEFTSMALLBRACKET ed_feature_inner RIGHTSMALLBRACKET .)


state 114

    (22) float_list -> float_list COMMA . FLOAT
    (23) float_list -> float_list COMMA . NUMBER

    FLOAT           shift and go to state 130
    NUMBER          shift and go to state 131


state 115

    (27) ei_flag_option -> empty .

    RIGHTSMALLBRACKET reduce using rule 27 (ei_flag_option -> empty .)


state 116

    (20) ei_params -> LEFTSMALLBRACKET float_list ei_flag_option . RIGHTSMALLBRACKET

    RIGHTSMALLBRACKET shift and go to state 132


state 117

    (26) ei_flag_option -> BAR . IDEN

    IDEN            shift and go to state 133


state 118

    (28) ei_number -> LEFTCURLYBRACE NUMBER . RIGHTCURLYBRACE

    RIGHTCURLYBRACE shift and go to state 134


state 119

    (29) entity_action -> ALIAS ASSIGNMENT entity_initialize DOT ROLL LEFTSMALLBRACKET . option_number RIGHTSMALLBRACKET
    (30) option_number -> . NUMBER
    (31) option_number -> . empty
    (19) empty -> .

    NUMBER          shift and go to state 136
    RIGHTSMALLBRACKET reduce using rule 19 (empty -> .)

    empty                          shift and go to state 137
    option_number                  shift and go to state 135

state 120

    (57) q_alias_concat_wrap -> LEFTSQRBRACKET q_alias_concat RIGHTSQRBRACKET .

    COMMA           reduce using rule 57 (q_alias_concat_wrap -> LEFTSQRBRACKET q_alias_concat RIGHTSQRBRACKET .)


state 121

    (58) q_alias_concat -> q_alias_concat BAR . alias_slice
    (60) alias_slice -> . ALIAS
    (61) alias_slice -> . ALIAS LEFTSQRBRACKET NUMBER COLON NUMBER RIGHTSQRBRACKET

    ALIAS           shift and go to state 76

    alias_slice                    shift and go to state 138

state 122

    (49) q_equal_atom_2 -> q_iden_2 LEFTSMALLBRACKET q_alias_concat_wrap COMMA IDEN . RIGHTSMALLBRACKET

    RIGHTSMALLBRACKET shift and go to state 139


state 123

    (50) q_equal_atom_2 -> q_iden_2 LEFTSMALLBRACKET q_alias_concat_wrap COMMA NUMBER . RIGHTSMALLBRACKET

    RIGHTSMALLBRACKET shift and go to state 140


state 124

    (61) alias_slice -> ALIAS LEFTSQRBRACKET NUMBER . COLON NUMBER RIGHTSQRBRACKET

    COLON           shift and go to state 141


state 125

    (47) q_equal_atom_3 -> q_iden_3 LEFTSMALLBRACKET NUMBER COMMA q_alias_concat_wrap . COMMA IDEN RIGHTSMALLBRACKET
    (48) q_equal_atom_3 -> q_iden_3 LEFTSMALLBRACKET NUMBER COMMA q_alias_concat_wrap . COMMA NUMBER RIGHTSMALLBRACKET

    COMMA           shift and go to state 142


state 126

    (8) alias_list -> alias_list COMMA ALIAS ASSIGNMENT . FLOAT

    FLOAT           shift and go to state 143


state 127

    (16) entity_prop_prob_atom -> ALIAS DOUBLECOLON IDEN .

    SEMICOLON       reduce using rule 16 (entity_prop_prob_atom -> ALIAS DOUBLECOLON IDEN .)
    RIGHTSMALLBRACKET reduce using rule 16 (entity_prop_prob_atom -> ALIAS DOUBLECOLON IDEN .)


state 128

    (17) entity_prop_prob_atom -> ALIAS DOUBLECOLON NUMBER .

    SEMICOLON       reduce using rule 17 (entity_prop_prob_atom -> ALIAS DOUBLECOLON NUMBER .)
    RIGHTSMALLBRACKET reduce using rule 17 (entity_prop_prob_atom -> ALIAS DOUBLECOLON NUMBER .)


state 129

    (14) entity_prop_prob -> entity_prop_prob SEMICOLON entity_prop_prob_atom .

    SEMICOLON       reduce using rule 14 (entity_prop_prob -> entity_prop_prob SEMICOLON entity_prop_prob_atom .)
    RIGHTSMALLBRACKET reduce using rule 14 (entity_prop_prob -> entity_prop_prob SEMICOLON entity_prop_prob_atom .)


state 130

    (22) float_list -> float_list COMMA FLOAT .

    COMMA           reduce using rule 22 (float_list -> float_list COMMA FLOAT .)
    BAR             reduce using rule 22 (float_list -> float_list COMMA FLOAT .)
    RIGHTSMALLBRACKET reduce using rule 22 (float_list -> float_list COMMA FLOAT .)


state 131

    (23) float_list -> float_list COMMA NUMBER .

    COMMA           reduce using rule 23 (float_list -> float_list COMMA NUMBER .)
    BAR             reduce using rule 23 (float_list -> float_list COMMA NUMBER .)
    RIGHTSMALLBRACKET reduce using rule 23 (float_list -> float_list COMMA NUMBER .)


state 132

    (20) ei_params -> LEFTSMALLBRACKET float_list ei_flag_option RIGHTSMALLBRACKET .

    LEFTCURLYBRACE  reduce using rule 20 (ei_params -> LEFTSMALLBRACKET float_list ei_flag_option RIGHTSMALLBRACKET .)


state 133

    (26) ei_flag_option -> BAR IDEN .

    RIGHTSMALLBRACKET reduce using rule 26 (ei_flag_option -> BAR IDEN .)


state 134

    (28) ei_number -> LEFTCURLYBRACE NUMBER RIGHTCURLYBRACE .

    DOT             reduce using rule 28 (ei_number -> LEFTCURLYBRACE NUMBER RIGHTCURLYBRACE .)


state 135

    (29) entity_action -> ALIAS ASSIGNMENT entity_initialize DOT ROLL LEFTSMALLBRACKET option_number . RIGHTSMALLBRACKET

    RIGHTSMALLBRACKET shift and go to state 144


state 136

    (30) option_number -> NUMBER .

    RIGHTSMALLBRACKET reduce using rule 30 (option_number -> NUMBER .)


state 137

    (31) option_number -> empty .

    RIGHTSMALLBRACKET reduce using rule 31 (option_number -> empty .)


state 138

    (58) q_alias_concat -> q_alias_concat BAR alias_slice .

    RIGHTSQRBRACKET reduce using rule 58 (q_alias_concat -> q_alias_concat BAR alias_slice .)
    BAR             reduce using rule 58 (q_alias_concat -> q_alias_concat BAR alias_slice .)


state 139

    (49) q_equal_atom_2 -> q_iden_2 LEFTSMALLBRACKET q_alias_concat_wrap COMMA IDEN RIGHTSMALLBRACKET .

    RIGHTSMALLBRACKET reduce using rule 49 (q_equal_atom_2 -> q_iden_2 LEFTSMALLBRACKET q_alias_concat_wrap COMMA IDEN RIGHTSMALLBRACKET .)
    OR              reduce using rule 49 (q_equal_atom_2 -> q_iden_2 LEFTSMALLBRACKET q_alias_concat_wrap COMMA IDEN RIGHTSMALLBRACKET .)
    AND             reduce using rule 49 (q_equal_atom_2 -> q_iden_2 LEFTSMALLBRACKET q_alias_concat_wrap COMMA IDEN RIGHTSMALLBRACKET .)


state 140

    (50) q_equal_atom_2 -> q_iden_2 LEFTSMALLBRACKET q_alias_concat_wrap COMMA NUMBER RIGHTSMALLBRACKET .

    RIGHTSMALLBRACKET reduce using rule 50 (q_equal_atom_2 -> q_iden_2 LEFTSMALLBRACKET q_alias_concat_wrap COMMA NUMBER RIGHTSMALLBRACKET .)
    OR              reduce using rule 50 (q_equal_atom_2 -> q_iden_2 LEFTSMALLBRACKET q_alias_concat_wrap COMMA NUMBER RIGHTSMALLBRACKET .)
    AND             reduce using rule 50 (q_equal_atom_2 -> q_iden_2 LEFTSMALLBRACKET q_alias_concat_wrap COMMA NUMBER RIGHTSMALLBRACKET .)


state 141

    (61) alias_slice -> ALIAS LEFTSQRBRACKET NUMBER COLON . NUMBER RIGHTSQRBRACKET

    NUMBER          shift and go to state 145


state 142

    (47) q_equal_atom_3 -> q_iden_3 LEFTSMALLBRACKET NUMBER COMMA q_alias_concat_wrap COMMA . IDEN RIGHTSMALLBRACKET
    (48) q_equal_atom_3 -> q_iden_3 LEFTSMALLBRACKET NUMBER COMMA q_alias_concat_wrap COMMA . NUMBER RIGHTSMALLBRACKET

    IDEN            shift and go to state 146
    NUMBER          shift and go to state 147


state 143

    (8) alias_list -> alias_list COMMA ALIAS ASSIGNMENT FLOAT .

    RIGHTSQRBRACKET reduce using rule 8 (alias_list -> alias_list COMMA ALIAS ASSIGNMENT FLOAT .)
    COMMA           reduce using rule 8 (alias_list -> alias_list COMMA ALIAS ASSIGNMENT FLOAT .)


state 144

    (29) entity_action -> ALIAS ASSIGNMENT entity_initialize DOT ROLL LEFTSMALLBRACKET option_number RIGHTSMALLBRACKET .

    ENTITY          reduce using rule 29 (entity_action -> ALIAS ASSIGNMENT entity_initialize DOT ROLL LEFTSMALLBRACKET option_number RIGHTSMALLBRACKET .)
    ALIAS           reduce using rule 29 (entity_action -> ALIAS ASSIGNMENT entity_initialize DOT ROLL LEFTSMALLBRACKET option_number RIGHTSMALLBRACKET .)
    QUERY           reduce using rule 29 (entity_action -> ALIAS ASSIGNMENT entity_initialize DOT ROLL LEFTSMALLBRACKET option_number RIGHTSMALLBRACKET .)
    $end            reduce using rule 29 (entity_action -> ALIAS ASSIGNMENT entity_initialize DOT ROLL LEFTSMALLBRACKET option_number RIGHTSMALLBRACKET .)


state 145

    (61) alias_slice -> ALIAS LEFTSQRBRACKET NUMBER COLON NUMBER . RIGHTSQRBRACKET

    RIGHTSQRBRACKET shift and go to state 148


state 146

    (47) q_equal_atom_3 -> q_iden_3 LEFTSMALLBRACKET NUMBER COMMA q_alias_concat_wrap COMMA IDEN . RIGHTSMALLBRACKET

    RIGHTSMALLBRACKET shift and go to state 149


state 147

    (48) q_equal_atom_3 -> q_iden_3 LEFTSMALLBRACKET NUMBER COMMA q_alias_concat_wrap COMMA NUMBER . RIGHTSMALLBRACKET

    RIGHTSMALLBRACKET shift and go to state 150


state 148

    (61) alias_slice -> ALIAS LEFTSQRBRACKET NUMBER COLON NUMBER RIGHTSQRBRACKET .

    RIGHTSQRBRACKET reduce using rule 61 (alias_slice -> ALIAS LEFTSQRBRACKET NUMBER COLON NUMBER RIGHTSQRBRACKET .)
    BAR             reduce using rule 61 (alias_slice -> ALIAS LEFTSQRBRACKET NUMBER COLON NUMBER RIGHTSQRBRACKET .)
    COMMA           reduce using rule 61 (alias_slice -> ALIAS LEFTSQRBRACKET NUMBER COLON NUMBER RIGHTSQRBRACKET .)


state 149

    (47) q_equal_atom_3 -> q_iden_3 LEFTSMALLBRACKET NUMBER COMMA q_alias_concat_wrap COMMA IDEN RIGHTSMALLBRACKET .

    RIGHTSMALLBRACKET reduce using rule 47 (q_equal_atom_3 -> q_iden_3 LEFTSMALLBRACKET NUMBER COMMA q_alias_concat_wrap COMMA IDEN RIGHTSMALLBRACKET .)
    OR              reduce using rule 47 (q_equal_atom_3 -> q_iden_3 LEFTSMALLBRACKET NUMBER COMMA q_alias_concat_wrap COMMA IDEN RIGHTSMALLBRACKET .)
    AND             reduce using rule 47 (q_equal_atom_3 -> q_iden_3 LEFTSMALLBRACKET NUMBER COMMA q_alias_concat_wrap COMMA IDEN RIGHTSMALLBRACKET .)


state 150

    (48) q_equal_atom_3 -> q_iden_3 LEFTSMALLBRACKET NUMBER COMMA q_alias_concat_wrap COMMA NUMBER RIGHTSMALLBRACKET .

    RIGHTSMALLBRACKET reduce using rule 48 (q_equal_atom_3 -> q_iden_3 LEFTSMALLBRACKET NUMBER COMMA q_alias_concat_wrap COMMA NUMBER RIGHTSMALLBRACKET .)
    OR              reduce using rule 48 (q_equal_atom_3 -> q_iden_3 LEFTSMALLBRACKET NUMBER COMMA q_alias_concat_wrap COMMA NUMBER RIGHTSMALLBRACKET .)
    AND             reduce using rule 48 (q_equal_atom_3 -> q_iden_3 LEFTSMALLBRACKET NUMBER COMMA q_alias_concat_wrap COMMA NUMBER RIGHTSMALLBRACKET .)

